<?xml version="1.0" encoding="UTF-8"?>
<testng-results ignored="0" total="1" passed="1" failed="0" skipped="0">
  <reporter-output>
  </reporter-output>
  <suite started-at="2023-10-14T12:53:33 IST" name="Suite" finished-at="2023-10-14T12:53:40 IST" duration-ms="6547">
    <groups>
    </groups>
    <test started-at="2023-10-14T12:53:33 IST" name="Test" finished-at="2023-10-14T12:53:40 IST" duration-ms="6547">
      <class name="testCases.TC1_VerifyAnnotation">
        <test-method is-config="true" signature="beforeClass()[pri:0, instance:testCases.TC1_VerifyAnnotation@293a5bf6]" started-at="2023-10-14T12:53:33 IST" name="beforeClass" finished-at="2023-10-14T12:53:37 IST" duration-ms="3723" status="PASS">
          <reporter-output>
          </reporter-output>
        </test-method> <!-- beforeClass -->
        <test-method signature="f()[pri:0, instance:testCases.TC1_VerifyAnnotation@293a5bf6]" started-at="2023-10-14T12:53:37 IST" name="f" finished-at="2023-10-14T12:53:39 IST" duration-ms="1845" status="PASS">
          <reporter-output>
          </reporter-output>
        </test-method> <!-- f -->
        <test-method is-config="true" signature="afterClass()[pri:0, instance:testCases.TC1_VerifyAnnotation@293a5bf6]" started-at="2023-10-14T12:53:39 IST" name="afterClass" finished-at="2023-10-14T12:53:40 IST" duration-ms="943" status="PASS">
          <reporter-output>
          </reporter-output>
        </test-method> <!-- afterClass -->
      </class> <!-- testCases.TC1_VerifyAnnotation -->
    </test> <!-- Test -->
  </suite> <!-- Suite -->
</testng-results>
